<?xml version="1.0" encoding="UTF-8"?>
<!-- Generated by org.testng.reporters.JUnitXMLReporter -->
<testsuite hostname="DESKTOP-LDOQOF8" name="NewUserRegistration Scenario" tests="2" failures="0" timestamp="14 May 2018 02:14:04 GMT" time="28.264" errors="0">
  <testcase name="Register" time="0.358" classname="com.DataDriven.NewUserRegistration_MultipleTestData"/>
  <testcase name="NewUserRegistration" time="19.253" classname="com.DataDriven.NewUserRegistration_MultipleTestData"/>
</testsuite> <!-- NewUserRegistration Scenario -->
