<?xml version="1.0" encoding="UTF-8"?>
<testng-results skipped="0" failed="0" ignored="0" total="1" passed="1">
  <reporter-output>
  </reporter-output>
  <suite name="com.NewToursLogInTest.LogInTest" duration-ms="13216" started-at="2018-05-19T05:13:04Z" finished-at="2018-05-19T05:13:17Z">
    <groups>
    </groups>
    <test name="Command line test" duration-ms="13216" started-at="2018-05-19T05:13:04Z" finished-at="2018-05-19T05:13:17Z">
      <class name="com.NewToursLogInTest.LogInTest">
        <test-method status="PASS" signature="setUp()[pri:0, instance:com.NewToursLogInTest.LogInTest@79b4d0f]" name="setUp" is-config="true" duration-ms="7756" started-at="2018-05-19T10:43:04Z" finished-at="2018-05-19T10:43:11Z">
          <reporter-output>
          </reporter-output>
        </test-method> <!-- setUp -->
        <test-method status="PASS" signature="LogIn()[pri:0, instance:com.NewToursLogInTest.LogInTest@79b4d0f]" name="LogIn" duration-ms="5400" started-at="2018-05-19T10:43:11Z" finished-at="2018-05-19T10:43:17Z">
          <reporter-output>
          </reporter-output>
        </test-method> <!-- LogIn -->
        <test-method status="PASS" signature="tearDown()[pri:0, instance:com.NewToursLogInTest.LogInTest@79b4d0f]" name="tearDown" is-config="true" duration-ms="43" started-at="2018-05-19T10:43:17Z" finished-at="2018-05-19T10:43:17Z">
          <reporter-output>
          </reporter-output>
        </test-method> <!-- tearDown -->
      </class> <!-- com.NewToursLogInTest.LogInTest -->
    </test> <!-- Command line test -->
  </suite> <!-- com.NewToursLogInTest.LogInTest -->
</testng-results>
