<?xml version="1.0" encoding="UTF-8"?>
<testng-results skipped="0" failed="0" ignored="0" total="1" passed="1">
  <reporter-output>
  </reporter-output>
  <suite name="NewTours" duration-ms="12773" started-at="2018-05-21T20:49:41Z" finished-at="2018-05-21T20:49:54Z">
    <groups>
    </groups>
    <test name="LogInTest" duration-ms="12773" started-at="2018-05-21T20:49:41Z" finished-at="2018-05-21T20:49:54Z">
      <class name="com.NewToursLogInTest.LogInTest">
        <test-method status="PASS" signature="setUp()[pri:0, instance:com.NewToursLogInTest.LogInTest@ae45eb6]" name="setUp" is-config="true" duration-ms="7842" started-at="2018-05-22T02:19:41Z" finished-at="2018-05-22T02:19:49Z">
          <reporter-output>
          </reporter-output>
        </test-method> <!-- setUp -->
        <test-method status="PASS" signature="LogIn()[pri:0, instance:com.NewToursLogInTest.LogInTest@ae45eb6]" name="LogIn" duration-ms="4892" started-at="2018-05-22T02:19:49Z" finished-at="2018-05-22T02:19:54Z">
          <reporter-output>
          </reporter-output>
        </test-method> <!-- LogIn -->
        <test-method status="PASS" signature="tearDown()[pri:0, instance:com.NewToursLogInTest.LogInTest@ae45eb6]" name="tearDown" is-config="true" duration-ms="20" started-at="2018-05-22T02:19:54Z" finished-at="2018-05-22T02:19:54Z">
          <reporter-output>
          </reporter-output>
        </test-method> <!-- tearDown -->
      </class> <!-- com.NewToursLogInTest.LogInTest -->
    </test> <!-- LogInTest -->
  </suite> <!-- NewTours -->
</testng-results>
